<?xml version="1.0" encoding="UTF-8"?>
<!-- Generated by org.testng.reporters.JUnitReportReporter -->
<testsuite hostname="Rio" failures="0" tests="3" name="day44.SignupTests" time="0.006" errors="0" timestamp="2024-11-26T16:47:36 IST" skipped="0">
  <testcase classname="day44.SignupTests" name="signupByFacebook" time="0.002"/>
  <system-out/>
  <testcase classname="day44.SignupTests" name="signupByEmail" time="0.002"/>
  <system-out/>
  <testcase classname="day44.SignupTests" name="signupByTwitter" time="0.002"/>
  <system-out/>
</testsuite> <!-- day44.SignupTests -->
