<?xml version="1.0" encoding="UTF-8"?>
<!-- Generated by org.testng.reporters.JUnitReportReporter -->
<testsuite hostname="Rio" failures="0" tests="6" name="day45.ParamTest" time="0.133" errors="0" timestamp="2024-11-29T11:20:53 IST" skipped="0">
  <testcase classname="day45.ParamTest" name="testLogo" time="0.043"/>
  <system-out/>
  <testcase classname="day45.ParamTest" name="testLogo" time="0.042"/>
  <system-out/>
  <testcase classname="day45.ParamTest" name="testTitle" time="0.010"/>
  <system-out/>
  <testcase classname="day45.ParamTest" name="testTitle" time="0.011"/>
  <system-out/>
  <testcase classname="day45.ParamTest" name="testURL" time="0.013"/>
  <system-out/>
  <testcase classname="day45.ParamTest" name="testURL" time="0.014"/>
  <system-out/>
</testsuite> <!-- day45.ParamTest -->
