<?xml version="1.0" encoding="UTF-8"?>
<!-- Generated by org.testng.reporters.JUnitReportReporter -->
<testsuite hostname="Rio" failures="0" tests="1" name="day43pack.C2" time="0.006" errors="0" timestamp="2024-11-22T12:25:44 IST" skipped="0">
  <testcase classname="day43pack.C2" name="abc" time="0.006"/>
  <system-out/>
</testsuite> <!-- day43pack.C2 -->
