<?xml version="1.0" encoding="UTF-8"?>
<!-- Generated by org.testng.reporters.JUnitReportReporter -->
<testsuite hostname="Rio" failures="0" tests="3" name="day44.LoginTests" time="0.011" errors="0" timestamp="2024-11-26T16:47:37 IST" skipped="0">
  <testcase classname="day44.LoginTests" name="loginByEmail" time="0.010"/>
  <system-out/>
  <testcase classname="day44.LoginTests" name="loginByFaceboook" time="0.001"/>
  <system-out/>
  <testcase classname="day44.LoginTests" name="loginByTwitter" time="0.000"/>
  <system-out/>
</testsuite> <!-- day44.LoginTests -->
