<?xml version="1.0" encoding="UTF-8"?>
<!-- Generated by org.testng.reporters.JUnitReportReporter -->
<testsuite hostname="Rio" failures="0" tests="2" name="day43.AllAnnotation" time="0.009" errors="0" timestamp="2024-11-23T00:49:27 IST" skipped="0">
  <testcase classname="day43.AllAnnotation" name="tm2" time="0.007"/>
  <system-out/>
  <testcase classname="day43.AllAnnotation" name="tm1" time="0.002"/>
  <system-out/>
</testsuite> <!-- day43.AllAnnotation -->
