<?xml version="1.0" encoding="UTF-8"?>
<!-- Generated by org.testng.reporters.JUnitReportReporter -->
<testsuite hostname="Rio" failures="0" tests="2" name="day43.AnnotationDemo2" time="0.008" errors="0" timestamp="2024-11-22T10:37:49 IST" skipped="0">
  <testcase classname="day43.AnnotationDemo2" name="search" time="0.007"/>
  <system-out/>
  <testcase classname="day43.AnnotationDemo2" name="AdvanceSearch" time="0.001"/>
  <system-out/>
</testsuite> <!-- day43.AnnotationDemo2 -->
