<?xml version="1.0" encoding="UTF-8"?>
<!-- Generated by org.testng.reporters.JUnitReportReporter -->
<testsuite hostname="Rio" failures="0" tests="2" name="day44.PaymentTests" time="0.002" errors="0" timestamp="2024-11-26T16:47:36 IST" skipped="0">
  <testcase classname="day44.PaymentTests" name="paymentinRupees" time="0.001"/>
  <system-out/>
  <testcase classname="day44.PaymentTests" name="paymentinDollars" time="0.001"/>
  <system-out/>
</testsuite> <!-- day44.PaymentTests -->
