<?xml version="1.0" encoding="UTF-8"?>
<!-- Generated by org.testng.reporters.JUnitReportReporter -->
<testsuite hostname="Rio" failures="0" tests="2" name="day43.AnnotationDemo1" time="0.015" errors="0" timestamp="2024-11-21T12:32:51 IST" skipped="0">
  <testcase classname="day43.AnnotationDemo1" name="AdvanceSearch" time="0.012"/>
  <system-out/>
  <testcase classname="day43.AnnotationDemo1" name="search" time="0.003"/>
  <system-out/>
</testsuite> <!-- day43.AnnotationDemo1 -->
