<?xml version="1.0" encoding="UTF-8"?>
<!-- Generated by org.testng.reporters.JUnitReportReporter -->
<testsuite hostname="Rio" failures="0" tests="4" name="day42.OrangeHRMTest" time="11.581" errors="0" timestamp="2024-11-21T10:11:16 IST" skipped="0">
  <testcase classname="day42.OrangeHRMTest" name="openapp" time="6.841"/>
  <system-out/>
  <testcase classname="day42.OrangeHRMTest" name="testLogo" time="3.037"/>
  <system-out/>
  <testcase classname="day42.OrangeHRMTest" name="testLogin" time="1.470"/>
  <system-out/>
  <testcase classname="day42.OrangeHRMTest" name="closeApp" time="0.233"/>
  <system-out/>
</testsuite> <!-- day42.OrangeHRMTest -->
